[1m[31mERROR in store/store.ts(36,28): error TS2304: Cannot find name 'value'.
store/store.ts(38,42): error TS2304: Cannot find name 'value'.
[39m[22m
